This is pdfeTeX, Version 3.141592-1.21a-2.2 (MiKTeX 2.4) (preloaded format=latex 2008.8.29)  18 NOV 2008 11:28
entering extended mode
**3.tex
(3.tex
LaTeX2e <2005/12/01>
Babel <v3.8g> and hyphenation patterns for english, dumylang, nohyphenation, ge
rman, ngerman, french, loaded.
(d:\tools\CTeX\texmf\tex\latex\beamer\base\beamer.cls
(d:\tools\CTeX\texmf\tex\latex\beamer\base\beamerbasercs.sty
Package: beamerbasercs 2004/10/07 (rcs-revision 1.3)
)
Document Class: beamer 2005/10/23 cvs version 3.06 A class for typesetting pres
entations (rcs-revision 1.67)
(d:\tools\CTeX\texmf\tex\latex\beamer\base\beamerbasemodes.sty
Package: beamerbasemodes 2004/12/09 (rcs-revision 1.21)
\beamer@tempbox=\box26
\beamer@tempcount=\count79
\c@beamerpauses=\count80

(d:\tools\CTeX\texmf\tex\latex\beamer\base\beamerbasedecode.sty
Package: beamerbasedecode 2005/05/09 (rcs-revision 1.18)
\beamer@slideinframe=\count81
\beamer@minimum=\count82
)
\beamer@commentbox=\box27
\beamer@modecount=\count83
)
\headheight=\dimen102
\headdp=\dimen103
\footheight=\dimen104
\sidebarheight=\dimen105
\beamer@tempdim=\dimen106
\beamer@finalheight=\dimen107
\beamer@animht=\dimen108
\beamer@animdp=\dimen109
\beamer@animwd=\dimen110
\beamer@leftmargin=\dimen111
\beamer@rightmargin=\dimen112
\beamer@leftsidebar=\dimen113
\beamer@rightsidebar=\dimen114
\beamer@boxsize=\dimen115
\beamer@vboxoffset=\dimen116
\beamer@descdefault=\dimen117
\beamer@descriptionwidth=\dimen118
\beamer@lastskip=\skip41
\beamer@areabox=\box28
\beamer@animcurrent=\box29
\beamer@animshowbox=\box30
\beamer@sectionbox=\box31
\beamer@logobox=\box32
\beamer@linebox=\box33
\beamer@sectioncount=\count84
\beamer@subsubsectionmax=\count85
\beamer@subsectionmax=\count86
\beamer@sectionmax=\count87
\beamer@totalheads=\count88
\beamer@headcounter=\count89
\beamer@partstartpage=\count90
\beamer@sectionstartpage=\count91
\beamer@subsectionstartpage=\count92
\beamer@animationtempa=\count93
\beamer@animationtempb=\count94
\beamer@xpos=\count95
\beamer@ypos=\count96
\beamer@showpartnumber=\count97
\beamer@currentsubsection=\count98
\beamer@coveringdepth=\count99
\beamer@sectionadjust=\count100
\beamer@tocsectionnumber=\count101

(d:\tools\CTeX\texmf\tex\latex\beamer\base\beamerbaseoptions.sty
Package: beamerbaseoptions 2004/11/15 (rcs-revision 1.7)

(d:\tools\CTeX\texmf\tex\latex\graphics\keyval.sty
Package: keyval 1999/03/16 v1.13 key=value parser (DPC)
\KV@toks@=\toks14
))

Class beamer Warning: ``mathserif'' is obsolete. Use font theme ``serif'' with 
option ``onlymath'' on input line 297.

(d:\tools\CTeX\localtexmf\tex\latex\pgf-2.00\latex\pgf\basiclayer\pgfcore.sty
(d:\tools\CTeX\texmf\tex\latex\graphics\graphicx.sty
Package: graphicx 1999/02/16 v1.0f Enhanced LaTeX Graphics (DPC,SPQR)

(d:\tools\CTeX\texmf\tex\latex\graphics\graphics.sty
Package: graphics 2006/02/20 v1.0o Standard LaTeX Graphics (DPC,SPQR)

(d:\tools\CTeX\texmf\tex\latex\graphics\trig.sty
Package: trig 1999/03/16 v1.09 sin cos tan (DPC)
)
(d:\tools\CTeX\texmf\tex\latex\00miktex\graphics.cfg
File: graphics.cfg 2005/12/29 v1.2 MiKTeX 'graphics' configuration
)
Package graphics Info: Driver file: pdftex.def on input line 90.

(d:\tools\CTeX\texmf\tex\latex\graphics\pdftex.def
File: pdftex.def 2006/08/14 v0.03t Graphics/color for pdfTeX
\Gread@gobject=\count102
))
\Gin@req@height=\dimen119
\Gin@req@width=\dimen120
)
(d:\tools\CTeX\localtexmf\tex\latex\pgf-2.00\latex\pgf\systemlayer\pgfsys.sty
(d:\tools\CTeX\localtexmf\tex\latex\pgf-2.00\latex\pgf\utilities\pgfrcs.sty
(d:\tools\CTeX\localtexmf\tex\latex\pgf-2.00\generic\pgf\utilities\pgfutil-comm
on.tex
\pgfutil@everybye=\toks15
)
(d:\tools\CTeX\localtexmf\tex\latex\pgf-2.00\generic\pgf\utilities\pgfutil-late
x.def)
(d:\tools\CTeX\localtexmf\tex\latex\pgf-2.00\generic\pgf\utilities\pgfrcs.code.
tex
Package: pgfrcs 2008/02/20 v2.00 (rcs-revision 1.21)
))
(d:\tools\CTeX\localtexmf\tex\latex\pgf-2.00\generic\pgf\systemlayer\pgfsys.cod
e.tex
Package: pgfsys 2008/02/07 v2.00 (rcs-revision 1.31)

(d:\tools\CTeX\localtexmf\tex\latex\pgf-2.00\generic\pgf\utilities\pgfkeys.code
.tex
\pgfkeys@pathtoks=\toks16
\pgfkeys@temptoks=\toks17
)
\pgf@x=\dimen121
\pgf@y=\dimen122
\pgf@xa=\dimen123
\pgf@ya=\dimen124
\pgf@xb=\dimen125
\pgf@yb=\dimen126
\pgf@xc=\dimen127
\pgf@yc=\dimen128
\c@pgf@counta=\count103
\c@pgf@countb=\count104
\c@pgf@countc=\count105
\c@pgf@countd=\count106

(d:\tools\CTeX\localtexmf\tex\latex\pgf-2.00\generic\pgf\systemlayer\pgf.cfg
File: pgf.cfg 2008/01/13  (rcs-revision 1.6)
)
Package pgfsys Info: Driver file for pgf: pgfsys-pdftex.def on input line 885.

(d:\tools\CTeX\localtexmf\tex\latex\pgf-2.00\generic\pgf\systemlayer\pgfsys-pdf
tex.def
File: pgfsys-pdftex.def 2007/12/20  (rcs-revision 1.20)

(d:\tools\CTeX\localtexmf\tex\latex\pgf-2.00\generic\pgf\systemlayer\pgfsys-com
mon-pdf.def
File: pgfsys-common-pdf.def 2007/12/17  (rcs-revision 1.8)
)))
(d:\tools\CTeX\localtexmf\tex\latex\pgf-2.00\generic\pgf\systemlayer\pgfsyssoft
path.code.tex
File: pgfsyssoftpath.code.tex 2008/01/23  (rcs-revision 1.6)
\pgfsyssoftpath@smallbuffer@items=\count107
\pgfsyssoftpath@bigbuffer@items=\count108
)
(d:\tools\CTeX\localtexmf\tex\latex\pgf-2.00\generic\pgf\systemlayer\pgfsysprot
ocol.code.tex
File: pgfsysprotocol.code.tex 2006/10/16  (rcs-revision 1.4)
)) (d:\tools\CTeX\texmf\tex\latex\xcolor\xcolor.sty
Package: xcolor 2005/12/21 v2.09 LaTeX color extensions (UK)

(d:\tools\CTeX\texmf\tex\latex\00miktex\color.cfg
File: color.cfg 2005/12/29 v1.1 MiKTeX 'color' configuration
)
Package xcolor Info: Driver file: pdftex.def on input line 220.

(d:\tools\CTeX\texmf\tex\latex\colortbl\colortbl.sty
Package: colortbl 2001/02/13 v0.1j Color table columns (DPC)

(d:\tools\CTeX\texmf\tex\latex\tools\array.sty
Package: array 2005/08/23 v2.4b Tabular extension package (FMi)
\col@sep=\dimen129
\extrarowheight=\dimen130
\NC@list=\toks18
\extratabsurround=\skip42
\backup@length=\skip43
)
\everycr=\toks19
\minrowclearance=\skip44
)
\rownum=\count109
Package xcolor Info: Model `cmy' substituted by `cmy0' on input line 1328.
Package xcolor Info: Model `hsb' substituted by `rgb' on input line 1332.
Package xcolor Info: Model `RGB' extended on input line 1344.
Package xcolor Info: Model `HTML' substituted by `rgb' on input line 1346.
Package xcolor Info: Model `Hsb' substituted by `hsb' on input line 1347.
Package xcolor Info: Model `tHsb' substituted by `hsb' on input line 1348.
Package xcolor Info: Model `HSB' substituted by `hsb' on input line 1349.
Package xcolor Info: Model `Gray' substituted by `gray' on input line 1350.
Package xcolor Info: Model `wave' substituted by `hsb' on input line 1351.
)
(d:\tools\CTeX\localtexmf\tex\latex\pgf-2.00\generic\pgf\basiclayer\pgfcore.cod
e.tex
Package: pgfcore 2008/01/15 v2.00 (rcs-revision 1.6)

(d:\tools\CTeX\localtexmf\tex\latex\pgf-2.00\generic\pgf\math\pgfmath.code.tex
(d:\tools\CTeX\localtexmf\tex\latex\pgf-2.00\generic\pgf\math\pgfmathcalc.code.
tex
(d:\tools\CTeX\localtexmf\tex\latex\pgf-2.00\generic\pgf\math\pgfmathutil.code.
tex
\pgfmath@box=\box34
)
(d:\tools\CTeX\localtexmf\tex\latex\pgf-2.00\generic\pgf\math\pgfmathparser.cod
e.tex
\pgfmath@stack=\toks20
\c@pgfmath@parsecounta=\count110
\c@pgfmath@parsecountb=\count111
\c@pgfmath@parsecountc=\count112
\pgfmath@parsex=\dimen131
)
(d:\tools\CTeX\localtexmf\tex\latex\pgf-2.00\generic\pgf\math\pgfmathoperations
.code.tex
(d:\tools\CTeX\localtexmf\tex\latex\pgf-2.00\generic\pgf\math\pgfmathtrig.code.
tex)
(d:\tools\CTeX\localtexmf\tex\latex\pgf-2.00\generic\pgf\math\pgfmathrnd.code.t
ex))
(d:\tools\CTeX\localtexmf\tex\latex\pgf-2.00\generic\pgf\math\pgfmathbase.code.
tex)))
(d:\tools\CTeX\localtexmf\tex\latex\pgf-2.00\generic\pgf\basiclayer\pgfcorepoin
ts.code.tex
File: pgfcorepoints.code.tex 2008/02/03  (rcs-revision 1.13)
\pgf@picminx=\dimen132
\pgf@picmaxx=\dimen133
\pgf@picminy=\dimen134
\pgf@picmaxy=\dimen135
\pgf@pathminx=\dimen136
\pgf@pathmaxx=\dimen137
\pgf@pathminy=\dimen138
\pgf@pathmaxy=\dimen139
\pgf@xx=\dimen140
\pgf@xy=\dimen141
\pgf@yx=\dimen142
\pgf@yy=\dimen143
\pgf@zx=\dimen144
\pgf@zy=\dimen145
)
(d:\tools\CTeX\localtexmf\tex\latex\pgf-2.00\generic\pgf\basiclayer\pgfcorepath
construct.code.tex
File: pgfcorepathconstruct.code.tex 2008/02/13  (rcs-revision 1.14)
\pgf@path@lastx=\dimen146
\pgf@path@lasty=\dimen147
)
(d:\tools\CTeX\localtexmf\tex\latex\pgf-2.00\generic\pgf\basiclayer\pgfcorepath
usage.code.tex
File: pgfcorepathusage.code.tex 2008/01/23  (rcs-revision 1.11)
\pgf@shorten@end@additional=\dimen148
\pgf@shorten@start@additional=\dimen149
)
(d:\tools\CTeX\localtexmf\tex\latex\pgf-2.00\generic\pgf\basiclayer\pgfcorescop
es.code.tex
File: pgfcorescopes.code.tex 2008/01/15  (rcs-revision 1.26)
\pgfpic=\box35
\pgf@hbox=\box36
\pgf@layerbox@main=\box37
\pgf@picture@serial@count=\count113
)
(d:\tools\CTeX\localtexmf\tex\latex\pgf-2.00\generic\pgf\basiclayer\pgfcoregrap
hicstate.code.tex
File: pgfcoregraphicstate.code.tex 2007/12/12  (rcs-revision 1.8)
\pgflinewidth=\dimen150
)
(d:\tools\CTeX\localtexmf\tex\latex\pgf-2.00\generic\pgf\basiclayer\pgfcoretran
sformations.code.tex
File: pgfcoretransformations.code.tex 2008/02/04  (rcs-revision 1.10)
\pgf@pt@x=\dimen151
\pgf@pt@y=\dimen152
\pgf@pt@temp=\dimen153
)
(d:\tools\CTeX\localtexmf\tex\latex\pgf-2.00\generic\pgf\basiclayer\pgfcorequic
k.code.tex
File: pgfcorequick.code.tex 2006/10/11  (rcs-revision 1.2)
)
(d:\tools\CTeX\localtexmf\tex\latex\pgf-2.00\generic\pgf\basiclayer\pgfcoreobje
cts.code.tex
File: pgfcoreobjects.code.tex 2006/10/11  (rcs-revision 1.2)
)
(d:\tools\CTeX\localtexmf\tex\latex\pgf-2.00\generic\pgf\basiclayer\pgfcorepath
processing.code.tex
File: pgfcorepathprocessing.code.tex 2008/01/23  (rcs-revision 1.7)
)
(d:\tools\CTeX\localtexmf\tex\latex\pgf-2.00\generic\pgf\basiclayer\pgfcorearro
ws.code.tex
File: pgfcorearrows.code.tex 2007/06/07  (rcs-revision 1.8)
)
(d:\tools\CTeX\localtexmf\tex\latex\pgf-2.00\generic\pgf\basiclayer\pgfcoreshad
e.code.tex
File: pgfcoreshade.code.tex 2007/12/10  (rcs-revision 1.9)
\pgf@max=\dimen154
\pgf@sys@shading@range@num=\count114
)
(d:\tools\CTeX\localtexmf\tex\latex\pgf-2.00\generic\pgf\basiclayer\pgfcoreimag
e.code.tex
File: pgfcoreimage.code.tex 2008/01/15  (rcs-revision 1.1)
\pgfexternal@startupbox=\box38
)
(d:\tools\CTeX\localtexmf\tex\latex\pgf-2.00\generic\pgf\basiclayer\pgfcorelaye
rs.code.tex
File: pgfcorelayers.code.tex 2008/01/15  (rcs-revision 1.1)
)
(d:\tools\CTeX\localtexmf\tex\latex\pgf-2.00\generic\pgf\basiclayer\pgfcoretran
sparency.code.tex
File: pgfcoretransparency.code.tex 2008/01/17  (rcs-revision 1.2)
)
(d:\tools\CTeX\localtexmf\tex\latex\pgf-2.00\generic\pgf\basiclayer\pgfcorepatt
erns.code.tex
File: pgfcorepatterns.code.tex 2008/01/15  (rcs-revision 1.1)
)))
(d:\tools\CTeX\localtexmf\tex\latex\pgf-2.00\latex\pgf\basiclayer\pgfbaseimage.
sty

Package pgf Warning: This package is obsolete and no longer needed on input lin
e 13.

) (d:\tools\CTeX\localtexmf\tex\latex\pgf-2.00\latex\pgf\utilities\xxcolor.sty
Package: xxcolor 2003/10/24 ver 0.1
\XC@nummixins=\count115
\XC@countmixins=\count116
) (d:\tools\CTeX\texmf\tex\latex\amsfonts\amssymb.sty
Package: amssymb 2002/01/22 v2.2d

(d:\tools\CTeX\texmf\tex\latex\amsfonts\amsfonts.sty
Package: amsfonts 2001/10/25 v2.2f
\@emptytoks=\toks21
\symAMSa=\mathgroup4
\symAMSb=\mathgroup5
LaTeX Font Info:    Overwriting math alphabet `\mathfrak' in version `bold'
(Font)                  U/euf/m/n --> U/euf/b/n on input line 132.
))
(d:\tools\CTeX\texmf\tex\latex\geometry\geometry.sty
Package: geometry 2002/07/08 v3.2 Page Geometry
\Gm@cnth=\count117
\Gm@cntv=\count118
\c@Gm@tempcnt=\count119
\Gm@bindingoffset=\dimen155
\Gm@wd@mp=\dimen156
\Gm@odd@mp=\dimen157
\Gm@even@mp=\dimen158
\Gm@dimlist=\toks22

(d:\tools\CTeX\texmf\tex\latex\geometry\geometry.cfg))
(d:\tools\CTeX\texmf\tex\latex\hyperref\hyperref.sty
Package: hyperref 2006/09/06 v6.75e Hypertext links for LaTeX
\@linkdim=\dimen159
\Hy@linkcounter=\count120
\Hy@pagecounter=\count121

(d:\tools\CTeX\texmf\tex\latex\hyperref\pd1enc.def
File: pd1enc.def 2006/09/06 v6.75e Hyperref: PDFDocEncoding definition (HO)
)
(d:\tools\CTeX\texmf\tex\latex\00miktex\hyperref.cfg
File: hyperref.cfg 2006/02/14 v1.1 MiKTeX 'hyperref' configuration
)
(d:\tools\CTeX\texmf\tex\latex\oberdiek\kvoptions.sty
Package: kvoptions 2006/08/22 v2.4 Connects package keyval with LaTeX options (
HO)
)
Package hyperref Info: Option `bookmarks' set `true' on input line 2073.
Package hyperref Info: Option `bookmarksopen' set `true' on input line 2073.
Package hyperref Info: Option `implicit' set `false' on input line 2073.
Package hyperref Info: Hyper figures OFF on input line 2123.
Package hyperref Info: Link nesting OFF on input line 2128.
Package hyperref Info: Hyper index ON on input line 2131.
Package hyperref Info: Plain pages OFF on input line 2138.
Package hyperref Info: Backreferencing OFF on input line 2143.

Implicit mode OFF; no redefinition of LaTeX internals
Package hyperref Info: Bookmarks ON on input line 2273.
(d:\tools\CTeX\texmf\tex\latex\ltxmisc\url.sty
\Urlmuskip=\muskip10
Package: url 2005/06/27  ver 3.2  Verb mode for urls, etc.
)
LaTeX Info: Redefining \url on input line 2428.
\Fld@menulength=\count122
\Field@Width=\dimen160
\Fld@charsize=\dimen161
\Choice@toks=\toks23
\Field@toks=\toks24
Package hyperref Info: Hyper figures OFF on input line 2906.
Package hyperref Info: Link nesting OFF on input line 2911.
Package hyperref Info: Hyper index ON on input line 2914.
Package hyperref Info: backreferencing OFF on input line 2921.
Package hyperref Info: Link coloring OFF on input line 2926.
\Hy@abspage=\count123

Hyperref stopped early
)
*hyperref using default driver hpdftex*
(d:\tools\CTeX\texmf\tex\latex\hyperref\hpdftex.def
File: hpdftex.def 2006/09/06 v6.75e Hyperref driver for pdfTeX
\Fld@listcount=\count124
)
(d:\tools\CTeX\texmf\tex\latex\base\size11.clo
File: size11.clo 2005/09/16 v1.4f Standard LaTeX file (size option)
)
(d:\tools\CTeX\texmf\tex\latex\beamer\base\beamerbasecompatibility.sty
Package: beamerbasecompatibility 2005/01/25  (rcs-revision 1.60)
)
(d:\tools\CTeX\texmf\tex\latex\beamer\base\beamerbasefont.sty
Package: beamerbasefont 2005/05/17  (rcs-revision 1.15)
)
(d:\tools\CTeX\texmf\tex\latex\beamer\base\beamerbasemisc.sty
Package: beamerbasemisc 2005/05/17  (rcs-revision 1.23)
)
(d:\tools\CTeX\texmf\tex\latex\beamer\base\beamerbasetwoscreens.sty
Package: beamerbasetwoscreens 2005/10/14  (rcs-revision 1.6)
)
(d:\tools\CTeX\texmf\tex\latex\beamer\base\beamerbaseoverlay.sty
Package: beamerbaseoverlay 2005/05/18  (rcs-revision 1.49)
\beamer@argscount=\count125
\beamer@lastskipcover=\skip45
\beamer@trivlistdepth=\count126
)
(d:\tools\CTeX\texmf\tex\latex\beamer\base\beamerbasetitle.sty
Package: beamerbasetitle 2005/10/23  (rcs-revision 1.23)
)
(d:\tools\CTeX\texmf\tex\latex\beamer\base\beamerbasesection.sty
Package: beamerbasesection 2005/04/20  (rcs-revision 1.18)
\c@lecture=\count127
\c@part=\count128
\c@section=\count129
\c@subsection=\count130
\c@subsubsection=\count131
)
(d:\tools\CTeX\texmf\tex\latex\beamer\base\beamerbaseframe.sty
Package: beamerbaseframe 2005/06/02  (rcs-revision 1.58)
\beamer@framebox=\box39
\beamer@frametitlebox=\box40
\beamer@zoombox=\box41
\beamer@zoomcount=\count132
\beamer@zoomframecount=\count133
\beamer@frametextheight=\dimen162
\c@subsectionslide=\count134
\beamer@frametopskip=\skip46
\beamer@framebottomskip=\skip47
\beamer@frametopskipautobreak=\skip48
\beamer@framebottomskipautobreak=\skip49
\beamer@envbody=\toks25
\c@framenumber=\count135
)
(d:\tools\CTeX\texmf\tex\latex\beamer\base\beamerbaseverbatim.sty
Package: beamerbaseverbatim 2005/04/12  (rcs-revision 1.6)
\beamer@verbatimfileout=\write3
)
(d:\tools\CTeX\texmf\tex\latex\beamer\base\beamerbaseframesize.sty
Package: beamerbaseframesize 2005/06/09  (rcs-revision 1.17)
\beamer@splitbox=\box42
\beamer@autobreakcount=\count136
\beamer@autobreaklastheight=\dimen163
\beamer@frametitletoks=\toks26
\beamer@framesubtitletoks=\toks27
)
(d:\tools\CTeX\texmf\tex\latex\beamer\base\beamerbaseframecomponents.sty
Package: beamerbaseframecomponents 2004/11/08  (rcs-revision 1.40)
\beamer@footins=\box43
)
(d:\tools\CTeX\texmf\tex\latex\beamer\base\beamerbasecolor.sty
Package: beamerbasecolor 2005/01/25  (rcs-revision 1.41)
)
(d:\tools\CTeX\texmf\tex\latex\beamer\base\beamerbasenotes.sty
Package: beamerbasenotes 2005/10/14  (rcs-revision 1.22)
\beamer@frameboxcopy=\box44
)
(d:\tools\CTeX\texmf\tex\latex\beamer\base\beamerbasetoc.sty
Package: beamerbasetoc 2004/12/09  (rcs-revision 1.20)
)
(d:\tools\CTeX\texmf\tex\latex\beamer\base\beamerbasetemplates.sty
Package: beamerbasetemplates 2004/10/07  (rcs-revision 1.50)
\beamer@sbttoks=\toks28

(d:\tools\CTeX\texmf\tex\latex\beamer\base\beamerbaseauxtemplates.sty
Package: beamerbaseauxtemplates 2005/06/09  (rcs-revision 1.27)

(d:\tools\CTeX\texmf\tex\latex\beamer\base\beamerbaseboxes.sty
Package: beamerbaseboxes 2005/06/09  (rcs-revision 1.28)
\bmb@box=\box45
\bmb@colorbox=\box46
\bmb@boxshadow=\box47
\bmb@boxshadowball=\box48
\bmb@boxshadowballlarge=\box49
\bmb@temp=\dimen164
\bmb@dima=\dimen165
\bmb@dimb=\dimen166
\bmb@prevheight=\dimen167
)
\beamer@blockheadheight=\dimen168
))
(d:\tools\CTeX\texmf\tex\latex\beamer\base\beamerbaselocalstructure.sty
Package: beamerbaselocalstructure 2005/04/20  (rcs-revision 1.51)

(d:\tools\CTeX\texmf\tex\latex\tools\enumerate.sty
Package: enumerate 1999/03/05 v3.00 enumerate extensions (DPC)
\@enLab=\toks29
)
\c@figure=\count137
\c@table=\count138
\abovecaptionskip=\skip50
\belowcaptionskip=\skip51
)
(d:\tools\CTeX\texmf\tex\latex\beamer\base\beamerbasenavigation.sty
Package: beamerbasenavigation 2005/06/01  (rcs-revision 1.34)
)
(d:\tools\CTeX\texmf\tex\latex\beamer\base\beamerbasetheorems.sty
Package: beamerbasetheorems 2005/04/04  (rcs-revision 1.7)

(d:\tools\CTeX\texmf\tex\latex\amsmath\amsmath.sty
Package: amsmath 2000/07/18 v2.13 AMS math features
\@mathmargin=\skip52

For additional information on amsmath, use the `?' option.
(d:\tools\CTeX\texmf\tex\latex\amsmath\amstext.sty
Package: amstext 2000/06/29 v2.01

(d:\tools\CTeX\texmf\tex\latex\amsmath\amsgen.sty
File: amsgen.sty 1999/11/30 v2.0
\@emptytoks=\toks30
\ex@=\dimen169
))
(d:\tools\CTeX\texmf\tex\latex\amsmath\amsbsy.sty
Package: amsbsy 1999/11/29 v1.2d
\pmbraise@=\dimen170
)
(d:\tools\CTeX\texmf\tex\latex\amsmath\amsopn.sty
Package: amsopn 1999/12/14 v2.01 operator names
)
\inf@bad=\count139
LaTeX Info: Redefining \frac on input line 211.
\uproot@=\count140
\leftroot@=\count141
LaTeX Info: Redefining \overline on input line 307.
\classnum@=\count142
\DOTSCASE@=\count143
LaTeX Info: Redefining \ldots on input line 379.
LaTeX Info: Redefining \dots on input line 382.
LaTeX Info: Redefining \cdots on input line 467.
\Mathstrutbox@=\box50
\strutbox@=\box51
\big@size=\dimen171
LaTeX Font Info:    Redeclaring font encoding OML on input line 567.
LaTeX Font Info:    Redeclaring font encoding OMS on input line 568.
\macc@depth=\count144
\c@MaxMatrixCols=\count145
\dotsspace@=\muskip11
\c@parentequation=\count146
\dspbrk@lvl=\count147
\tag@help=\toks31
\row@=\count148
\column@=\count149
\maxfields@=\count150
\andhelp@=\toks32
\eqnshift@=\dimen172
\alignsep@=\dimen173
\tagshift@=\dimen174
\tagwidth@=\dimen175
\totwidth@=\dimen176
\lineht@=\dimen177
\@envbody=\toks33
\multlinegap=\skip53
\multlinetaggap=\skip54
\mathdisplay@stack=\toks34
LaTeX Info: Redefining \[ on input line 2666.
LaTeX Info: Redefining \] on input line 2667.
)
(d:\tools\CTeX\texmf\tex\latex\amscls\amsthm.sty
Package: amsthm 2004/08/06 v2.20
\thm@style=\toks35
\thm@bodyfont=\toks36
\thm@headfont=\toks37
\thm@notefont=\toks38
\thm@headpunct=\toks39
\thm@preskip=\skip55
\thm@postskip=\skip56
\thm@headsep=\skip57
\dth@everypar=\toks40
))
(d:\tools\CTeX\texmf\tex\latex\beamer\base\beamerbasethemes.sty
Package: beamerbasethemes 2004/10/07  (rcs-revision 1.9)
)
(d:\tools\CTeX\texmf\tex\latex\beamer\themes\theme\beamerthemedefault.sty
Package: beamerthemedefault 2004/10/07  (rcs-revision 1.6)

(d:\tools\CTeX\texmf\tex\latex\beamer\themes\font\beamerfontthemedefault.sty
Package: beamerfontthemedefault 2005/03/15  (rcs-revision 1.12)
)
(d:\tools\CTeX\texmf\tex\latex\beamer\themes\color\beamercolorthemedefault.sty
Package: beamercolorthemedefault 2005/03/15  (rcs-revision 1.27)
) (d:\tools\CTeX\texmf\tex\latex\beamer\themes\inner\beamerinnerthemedefault.st
y
Package: beamerinnerthemedefault 2005/06/17  (rcs-revision 1.19)
\beamer@dima=\dimen178
\beamer@dimb=\dimen179
)
(d:\tools\CTeX\texmf\tex\latex\beamer\themes\outer\beamerouterthemedefault.sty
Package: beamerouterthemedefault 2005/06/09  (rcs-revision 1.13)
))) (d:\tools\CTeX\texmf\tex\latex\tools\verbatim.sty
Package: verbatim 2003/08/22 v1.5q LaTeX2e package for verbatim enhancements
\every@verbatim=\toks41
\verbatim@line=\toks42
\verbatim@in@stream=\read1
)
(d:\tools\CTeX\texmf\tex\latex\listings\listings.sty
\lst@mode=\count151
\lst@gtempboxa=\box52
\lst@token=\toks43
\lst@length=\count152
\lst@currlwidth=\dimen180
\lst@column=\count153
\lst@pos=\count154
\lst@lostspace=\dimen181
\lst@width=\dimen182
\lst@newlines=\count155
\lst@lineno=\count156
\c@lstlisting=\count157
\lst@maxwidth=\dimen183

(d:\tools\CTeX\texmf\tex\latex\listings\lstpatch.sty
File: lstpatch.sty 2004/10/17 1.3b (Carsten Heinz)
)
(d:\tools\CTeX\texmf\tex\latex\listings\lstmisc.sty
File: lstmisc.sty 2004/09/07 1.3 (Carsten Heinz)
\c@lstnumber=\count158
\lst@skipnumbers=\count159
\lst@framebox=\box53
)
(d:\tools\CTeX\texmf\tex\latex\listings\listings.cfg
File: listings.cfg 2004/09/05 1.3 listings configuration
))
Package: listings 2004/10/17 1.3b (Carsten Heinz)

(d:\tools\CTeX\texmf\tex\latex\beamer\themes\outer\beamerouterthemesidebar.sty
Package: beamerouterthemesidebar 2004/12/09  (rcs-revision 1.8)
\beamer@sidebarwidth=\dimen184
\beamer@headheight=\dimen185
) (d:\tools\CTeX\texmf\tex\latex\beamer\themes\color\beamercolorthemewhale.sty
Package: beamercolorthemewhale 2004/10/07  (rcs-revision 1.3)
)
(d:\tools\CTeX\texmf\tex\latex\beamer\themes\color\beamercolorthemeorchid.sty
Package: beamercolorthemeorchid 2004/10/07  (rcs-revision 1.2)
)
(d:\tools\CTeX\texmf\tex\latex\beamer\themes\inner\beamerinnerthemerounded.sty
Package: beamerinnerthemerounded 2004/10/07  (rcs-revision 1.4)
) (d:\tools\CTeX\texmf\tex\latex\beamer\themes\font\beamerfontthemeserif.sty
Package: beamerfontthemeserif 2004/10/07  (rcs-revision 1.3)
)
(d:\tools\CTeX\texmf\tex\latex\subfigure\subfigure.sty
Package: subfigure 2002/07/30 v2.1.4 subfigure package
\subfigtopskip=\skip58
\subfigcapskip=\skip59
\subfigcaptopadj=\dimen186
\subfigbottomskip=\skip60
\subfigcapmargin=\dimen187
\subfiglabelskip=\skip61
\c@subfigure=\count160
\c@lofdepth=\count161
\c@subtable=\count162
\c@lotdepth=\count163

****************************************
* Local config file subfigure.cfg used *
****************************************
(d:\tools\CTeX\texmf\tex\latex\subfigure\subfigure.cfg)
\subfig@top=\skip62
\subfig@bottom=\skip63
)
(d:\tools\CTeX\texmf\tex\latex\beamer\extensions\multimedia\xmpmulti.sty
\@mpm@count=\count164
)
(d:\tools\CTeX\texmf\tex\latex\tools\dcolumn.sty
Package: dcolumn 2001/05/28 v1.06 decimal alignment package (DPC)
)

Package array Warning: Column H is already defined on input line 37.


Package hyperref Warning: Token not allowed in a PDFDocEncoded string,
(hyperref)                removing `\\' on input line 57.


Package hyperref Warning: Token not allowed in a PDFDocEncoded string,
(hyperref)                removing `math shift' on input line 57.


Package hyperref Warning: Token not allowed in a PDFDocEncoded string,
(hyperref)                removing `\@@underline' on input line 57.


Package hyperref Warning: Token not allowed in a PDFDocEncoded string,
(hyperref)                removing `\hbox' on input line 57.


Package hyperref Warning: Token not allowed in a PDFDocEncoded string,
(hyperref)                removing `\mathsurround' on input line 57.


Package hyperref Warning: Token not allowed in a PDFDocEncoded string,
(hyperref)                removing `\z@' on input line 57.


Package hyperref Warning: Token not allowed in a PDFDocEncoded string,
(hyperref)                removing `math shift' on input line 57.

(d:\tools\CTeX\texmf\tex\latex\listings\lstlang1.sty
File: lstlang1.sty 2004/09/05 1.3 listings language file
)
(d:\tools\CTeX\texmf\tex\latex\listings\lstlang1.sty
File: lstlang1.sty 2004/09/05 1.3 listings language file
) (3.aux)
LaTeX Font Info:    Checking defaults for OML/cmm/m/it on input line 83.
LaTeX Font Info:    ... okay on input line 83.
LaTeX Font Info:    Checking defaults for T1/cmr/m/n on input line 83.
LaTeX Font Info:    ... okay on input line 83.
LaTeX Font Info:    Checking defaults for OT1/cmr/m/n on input line 83.
LaTeX Font Info:    ... okay on input line 83.
LaTeX Font Info:    Checking defaults for OMS/cmsy/m/n on input line 83.
LaTeX Font Info:    ... okay on input line 83.
LaTeX Font Info:    Checking defaults for OMX/cmex/m/n on input line 83.
LaTeX Font Info:    ... okay on input line 83.
LaTeX Font Info:    Checking defaults for U/cmr/m/n on input line 83.
LaTeX Font Info:    ... okay on input line 83.
LaTeX Font Info:    Checking defaults for PD1/pdf/m/n on input line 83.
LaTeX Font Info:    ... okay on input line 83.

(d:\tools\CTeX\texmf\tex\context\base\supp-pdf.tex
(d:\tools\CTeX\texmf\tex\context\base\supp-mis.tex
loading : Context Support Macros / Miscellaneous (2004.10.26)
\protectiondepth=\count165
\scratchcounter=\count166
\scratchtoks=\toks44
\scratchdimen=\dimen188
\scratchskip=\skip64
\scratchmuskip=\muskip12
\scratchbox=\box54
\scratchread=\read2
\scratchwrite=\write4
\zeropoint=\dimen189
\onepoint=\dimen190
\onebasepoint=\dimen191
\minusone=\count167
\thousandpoint=\dimen192
\onerealpoint=\dimen193
\emptytoks=\toks45
\nextbox=\box55
\nextdepth=\dimen194
\everyline=\toks46
\!!counta=\count168
\!!countb=\count169
\recursecounter=\count170
)
loading : Context Support Macros / PDF (2004.03.26)
\nofMPsegments=\count171
\nofMParguments=\count172
\MPscratchCnt=\count173
\MPscratchDim=\dimen195
\MPnumerator=\count174
\everyMPtoPDFconversion=\toks47
)
-------------------- Geometry parameters
paper: user defined
landscape: --
twocolumn: --
twoside: --
asymmetric: --
h-parts: 60.31796pt, 289.65103pt, 14.22636pt
v-parts: 0.0pt, 273.14662pt, 0.0pt
hmarginratio: --
vmarginratio: --
lines: --
heightrounded: --
bindingoffset: 0.0pt
truedimen: --
includehead: true
includefoot: true
includemp: --
driver: pdftex
-------------------- Page layout dimensions and switches
\paperwidth  364.19536pt
\paperheight 273.14662pt
\textwidth  289.65103pt
\textheight 244.6939pt
\oddsidemargin  -11.95203pt
\evensidemargin -11.95203pt
\topmargin  -72.26999pt
\headheight 14.22636pt
\headsep    0.0pt
\footskip   14.22636pt
\marginparwidth 4.0pt
\marginparsep   10.0pt
\columnsep  10.0pt
\skip\footins  10.0pt plus 4.0pt minus 2.0pt
\hoffset 0.0pt
\voffset 0.0pt
\mag 1000

(1in=72.27pt, 1cm=28.45pt)
-----------------------
Package hyperref Info: Link coloring OFF on input line 83.
 (d:\tools\CTeX\texmf\tex\latex\hyperref\nameref.sty
Package: nameref 2006/08/15 v2.26 Cross-referencing by name of section

(d:\tools\CTeX\texmf\tex\latex\oberdiek\refcount.sty
Package: refcount 2006/02/20 v3.0 Data extraction from references (HO)
)
\c@section@level=\count175
)
LaTeX Info: Redefining \ref on input line 83.
LaTeX Info: Redefining \pageref on input line 83.
 (3.out) (3.out)
\@outlinefile=\write5
 (3.nav)
<figures/logo.pdf, id=39, 208.78pt x 147.55125pt>
File: figures/logo.pdf Graphic file (type pdf)
 <use figures/logo.pdf>
LaTeX Font Info:    Try loading font information for U+msa on input line 84.

(d:\tools\CTeX\texmf\tex\latex\amsfonts\umsa.fd
File: umsa.fd 2002/01/19 v2.2g AMS font definitions
)
LaTeX Font Info:    Try loading font information for U+msb on input line 84.

(d:\tools\CTeX\texmf\tex\latex\amsfonts\umsb.fd
File: umsb.fd 2002/01/19 v2.2g AMS font definitions
)

LaTeX Font Warning: Font shape `OT1/cmr/m/n' in size <10.5> not available
(Font)              size <10.95> substituted on input line 84.


LaTeX Font Warning: Font shape `OT1/cmr/m/n' in size <4> not available
(Font)              size <5> substituted on input line 84.

File: figures/logo.pdf Graphic file (type pdf)
<use figures/logo.pdf> [1{psfonts.map}

 <figures/logo.pdf>] (3.toc)
File: figures/logo.pdf Graphic file (type pdf)

<use figures/logo.pdf> [2

]
File: figures/logo.pdf Graphic file (type pdf)
 <use figures/logo.pdf> [3

]
<figures/truncation.pdf, id=126, 502.87875pt x 284.06125pt>
File: figures/truncation.pdf Graphic file (type pdf)

<use figures/truncation.pdf>
File: figures/logo.pdf Graphic file (type pdf)
 <use figures/logo.pdf> [4

 <figures/truncation.pdf>] (3.vrb)
File: figures/logo.pdf Graphic file (type pdf)
 <use figures/logo.pdf> [5

] (3.vrb
Overfull \hbox (7.82942pt too wide) in paragraph at lines 4--5
[]\OT1/cmr/m/n/10.95 You should im-ple-ment a \OT1/cmr/bx/n/10.95 cir-cu-lar, n
ext-available \OT1/cmr/m/n/10.95 scheme 
 []

<figures/allocation.pdf, id=163, 335.2525pt x 209.78375pt>
File: figures/allocation.pdf Graphic file (type pdf)

<use figures/allocation.pdf>)
File: figures/logo.pdf Graphic file (type pdf)
 <use figures/logo.pdf> [6

 <figures/allocation.pdf>] <figures/appendage.pdf, id=187, 210.7875pt x 383.432
5pt>
File: figures/appendage.pdf Graphic file (type pdf)

<use figures/appendage.pdf>
Overfull \vbox (12.69223pt too high) detected at line 177
 []

File: figures/logo.pdf Graphic file (type pdf)
<use figures/logo.pdf> [7

 <figures/appendage.pdf>] (3.vrb
LaTeX Font Info:    Font shape `OT1/cmtt/bx/n' in size <6> not available
(Font)              Font shape `OT1/cmtt/m/n' tried instead on input line 9.
)
File: figures/logo.pdf Graphic file (type pdf)

<use figures/logo.pdf> [8

] (3.vrb)
File: figures/logo.pdf Graphic file (type pdf)
 <use figures/logo.pdf> [9

] (3.vrb)
File: figures/logo.pdf Graphic file (type pdf)

<use figures/logo.pdf> [10

] (3.vrb)
Overfull \vbox (2.52211pt too high) detected at line 306
 []

File: figures/logo.pdf Graphic file (type pdf)
<use figures/logo.pdf> [11

]
File: figures/logo.pdf Graphic file (type pdf)
 <use figures/logo.pdf> [12

]
File: figures/logo.pdf Graphic file (type pdf)
 <use figures/logo.pdf>
[13

]
File: figures/logo.pdf Graphic file (type pdf)
 <use figures/logo.pdf> [14

]
File: figures/logo.pdf Graphic file (type pdf)
 <use figures/logo.pdf> [15

]

Package hyperref Warning: Token not allowed in a PDFDocEncoded string,
(hyperref)                removing `\new@ifnextchar' on input line 391.

File: figures/logo.pdf Graphic file (type pdf)
<use figures/logo.pdf> [16

]
\tf@nav=\write6
\tf@toc=\write7
\tf@snm=\write8
 (3.aux)

LaTeX Font Warning: Size substitutions with differences
(Font)              up to 1.0pt have occurred.

 ) 
Here is how much of TeX's memory you used:
 13587 strings out of 95503
 227593 string characters out of 1189109
 329841 words of memory out of 1291045
 15853 multiletter control sequences out of 60000
 13652 words of font info for 54 fonts, out of 1000000 for 2000
 14 hyphenation exceptions out of 8191
 55i,20n,60p,330b,1269s stack positions out of 5000i,500n,10000p,200000b,32768s
PDF statistics:
 331 PDF objects out of 300000
 40 named destinations out of 300000
 159 words of extra memory for PDF output out of 65536
<d:\tools\CTeX\texmf\fonts\type1\bluesky\cm\cmr17.pfb><d:\tools\CTeX\texmf\fo
nts\type1\bluesky\cm\cmr9.pfb><d:\tools\CTeX\texmf\fonts\type1\bluesky\cm\cmtt9
.pfb><d:\tools\CTeX\texmf\fonts\type1\bluesky\cm\cmmi10.pfb><d:\tools\CTeX\texm
f\fonts\type1\bluesky\cm\cmtt10.pfb><d:\tools\CTeX\texmf\fonts\type1\bluesky\cm
\cmtt12.pfb><d:\tools\CTeX\texmf\fonts\type1\bluesky\cm\cmti10.pfb><d:\tools\CT
eX\texmf\fonts\type1\bluesky\cm\cmtt8.pfb><d:\tools\CTeX\texmf\fonts\type1\blue
sky\cm\cmbx10.pfb><d:\tools\CTeX\texmf\fonts\type1\bluesky\cm\cmr8.pfb><d:\tool
s\CTeX\texmf\fonts\type1\bluesky\cm\cmr10.pfb><d:\tools\CTeX\texmf\fonts\type1\
bluesky\cm\cmr12.pfb><d:\tools\CTeX\texmf\fonts\type1\bluesky\cm\cmr5.pfb><d:\t
ools\CTeX\texmf\fonts\type1\bluesky\cm\cmr6.pfb>
Output written on 3.pdf (16 pages, 210495 bytes).
